<?xml version="1.0" encoding="UTF-8"?>
<!-- Generated by org.testng.reporters.JUnitReportReporter -->
<testsuite hostname="PSPTHAI" name="com.membertest.TestLogin1" tests="1" failures="0" timestamp="26 Aug 2015 08:29:41 GMT" time="23.658" errors="0">
  <testcase name="login_test" time="23.658" classname="com.membertest.TestLogin1"/>
</testsuite> <!-- com.membertest.TestLogin1 -->
